proc2 50002 - 25-10-2021 20:01:45 #  Listening started on this node
proc2 50002 - 25-10-2021 20:01:45 #  Deffering CS request by 2 seconds
proc2 50002 - 25-10-2021 20:01:46 #  Received request for CS execution from node 50001 TS = 1
proc2 50002 - 25-10-2021 20:01:46 #  Sending "REPLY,50002" to 50001
proc2 50002 - 25-10-2021 20:01:47 #  Sending CS request to node 50001 - "REQUEST,50002,2"
proc2 50002 - 25-10-2021 20:01:47 #  Sending CS request to node 50003 - "REQUEST,50002,2"
proc2 50002 - 25-10-2021 20:01:47 #  Sending CS request to node 50004 - "REQUEST,50002,2"
proc2 50002 - 25-10-2021 20:01:47 #  Sending CS request to node 50005 - "REQUEST,50002,2"
proc2 50002 - 25-10-2021 20:01:47 #  Received REPLY node 50003
proc2 50002 - 25-10-2021 20:01:47 #  Removing 50003 from reply waiting queue
proc2 50002 - 25-10-2021 20:01:47 #  Awaiting reply from nodes [50001, 50004, 50005]
proc2 50002 - 25-10-2021 20:01:47 #  Received REPLY node 50004
proc2 50002 - 25-10-2021 20:01:47 #  Removing 50004 from reply waiting queue
proc2 50002 - 25-10-2021 20:01:47 #  Received REPLY node 50005
proc2 50002 - 25-10-2021 20:01:47 #  Awaiting reply from nodes [50001, 50005]
proc2 50002 - 25-10-2021 20:01:47 #  Removing 50005 from reply waiting queue
proc2 50002 - 25-10-2021 20:01:47 #  Awaiting reply from nodes [50001]
proc2 50002 - 25-10-2021 20:01:48 #  Received request for CS execution from node 50003 TS = 3
proc2 50002 - 25-10-2021 20:01:48 #  Deffering request REQUEST,50003,3
proc2 50002 - 25-10-2021 20:01:49 #  Received request for CS execution from node 50004 TS = 4
proc2 50002 - 25-10-2021 20:01:49 #  Deffering request REQUEST,50004,4
proc2 50002 - 25-10-2021 20:01:50 #  Received request for CS execution from node 50005 TS = 5
proc2 50002 - 25-10-2021 20:01:50 #  Deffering request REQUEST,50005,5
proc2 50002 - 25-10-2021 20:01:56 #  Received REPLY node 50001
proc2 50002 - 25-10-2021 20:01:56 #  Removing 50001 from reply waiting queue
proc2 50002 - 25-10-2021 20:01:56 #  Executing CS
proc2 50002 - 25-10-2021 20:02:06 #  Critical section execution finished
proc2 50002 - 25-10-2021 20:02:06 #  processing deffered queue
proc2 50002 - 25-10-2021 20:02:06 #  Current deferred request queue is ['REQUEST,50003,3', 'REQUEST,50004,4', 'REQUEST,50005,5']
proc2 50002 - 25-10-2021 20:02:06 #  Sending deffered REPLY to 50003
proc2 50002 - 25-10-2021 20:02:06 #  Sending "REPLY,50002" to 50003
proc2 50002 - 25-10-2021 20:02:06 #  Sending deffered REPLY to 50004
proc2 50002 - 25-10-2021 20:02:06 #  Sending "REPLY,50002" to 50004
proc2 50002 - 25-10-2021 20:02:06 #  Sending deffered REPLY to 50005
proc2 50002 - 25-10-2021 20:02:06 #  Sending "REPLY,50002" to 50005
